[2021-02-21 15:53:36,121] INFO [Controller id=1 epoch=1] Sending UpdateMetadata request to brokers Set(1) for 0 partitions (state.change.logger)
[2021-02-21 15:55:55,680] INFO [Controller id=1 epoch=1] Sending UpdateMetadata request to brokers Set(1) for 0 partitions (state.change.logger)
[2021-02-21 15:55:55,682] INFO [Controller id=1 epoch=1] Sending UpdateMetadata request to brokers Set(2) for 0 partitions (state.change.logger)
[2021-02-21 15:57:42,486] INFO [Controller id=1 epoch=1] Changed partition customer_topic-1 state from NonExistentPartition to NewPartition with assigned replicas 2,1 (state.change.logger)
[2021-02-21 15:57:42,486] INFO [Controller id=1 epoch=1] Changed partition customer_topic-0 state from NonExistentPartition to NewPartition with assigned replicas 1,2 (state.change.logger)
[2021-02-21 15:57:42,486] INFO [Controller id=1 epoch=1] Sending UpdateMetadata request to brokers Set() for 0 partitions (state.change.logger)
[2021-02-21 15:57:42,486] INFO [Controller id=1 epoch=1] Sending UpdateMetadata request to brokers Set() for 0 partitions (state.change.logger)
[2021-02-21 15:57:42,517] INFO [Controller id=1 epoch=1] Changed partition customer_topic-1 from NewPartition to OnlinePartition with state LeaderAndIsr(leader=2, leaderEpoch=0, isr=List(2, 1), zkVersion=0) (state.change.logger)
[2021-02-21 15:57:42,517] INFO [Controller id=1 epoch=1] Changed partition customer_topic-0 from NewPartition to OnlinePartition with state LeaderAndIsr(leader=1, leaderEpoch=0, isr=List(1, 2), zkVersion=0) (state.change.logger)
[2021-02-21 15:57:42,533] INFO [Controller id=1 epoch=1] Sending LeaderAndIsr request to broker 2 with 1 become-leader and 1 become-follower partitions (state.change.logger)
[2021-02-21 15:57:42,533] INFO [Controller id=1 epoch=1] Sending LeaderAndIsr request to broker 1 with 1 become-leader and 1 become-follower partitions (state.change.logger)
[2021-02-21 15:57:42,533] INFO [Controller id=1 epoch=1] Sending UpdateMetadata request to brokers Set(1, 2) for 2 partitions (state.change.logger)
[2021-02-21 15:57:42,533] INFO [Controller id=1 epoch=1] Sending UpdateMetadata request to brokers Set() for 0 partitions (state.change.logger)
[2021-02-21 15:57:42,533] INFO [Broker id=1] Handling LeaderAndIsr request correlationId 2 from controller 1 for 2 partitions (state.change.logger)
[2021-02-21 15:57:42,564] INFO [Broker id=1] Stopped fetchers as part of LeaderAndIsr request correlationId 2 from controller 1 epoch 1 as part of the become-leader transition for 1 partitions (state.change.logger)
[2021-02-21 15:57:42,660] INFO [Broker id=1] Leader customer_topic-0 starts at leader epoch 0 from offset 0 with high watermark 0 ISR [1,2] addingReplicas [] removingReplicas []. Previous leader epoch was -1. (state.change.logger)
[2021-02-21 15:57:42,722] INFO [Broker id=1] Follower customer_topic-1 starts at leader epoch 0 from offset 0 with high watermark 0. Previous leader epoch was -1. (state.change.logger)
[2021-02-21 15:57:42,722] INFO [Broker id=1] Stopped fetchers as part of become-follower request from controller 1 epoch 1 with correlation id 2 for 1 partitions (state.change.logger)
[2021-02-21 15:57:42,801] INFO [Broker id=1] Finished LeaderAndIsr request in 252ms correlationId 2 from controller 1 for 2 partitions (state.change.logger)
[2021-02-21 15:57:42,816] INFO [Broker id=1] Add 2 partitions and deleted 0 partitions from metadata cache in response to UpdateMetadata request sent by controller 1 epoch 1 with correlation id 3 (state.change.logger)
[2021-02-21 15:57:57,362] INFO [Controller id=1 epoch=1] Changed partition product_topic-1 state from NonExistentPartition to NewPartition with assigned replicas 2,1 (state.change.logger)
[2021-02-21 15:57:57,362] INFO [Controller id=1 epoch=1] Changed partition product_topic-0 state from NonExistentPartition to NewPartition with assigned replicas 1,2 (state.change.logger)
[2021-02-21 15:57:57,363] INFO [Controller id=1 epoch=1] Sending UpdateMetadata request to brokers Set() for 0 partitions (state.change.logger)
[2021-02-21 15:57:57,364] INFO [Controller id=1 epoch=1] Sending UpdateMetadata request to brokers Set() for 0 partitions (state.change.logger)
[2021-02-21 15:57:57,385] INFO [Controller id=1 epoch=1] Changed partition product_topic-1 from NewPartition to OnlinePartition with state LeaderAndIsr(leader=2, leaderEpoch=0, isr=List(2, 1), zkVersion=0) (state.change.logger)
[2021-02-21 15:57:57,385] INFO [Controller id=1 epoch=1] Changed partition product_topic-0 from NewPartition to OnlinePartition with state LeaderAndIsr(leader=1, leaderEpoch=0, isr=List(1, 2), zkVersion=0) (state.change.logger)
[2021-02-21 15:57:57,385] INFO [Controller id=1 epoch=1] Sending LeaderAndIsr request to broker 2 with 1 become-leader and 1 become-follower partitions (state.change.logger)
[2021-02-21 15:57:57,386] INFO [Controller id=1 epoch=1] Sending LeaderAndIsr request to broker 1 with 1 become-leader and 1 become-follower partitions (state.change.logger)
[2021-02-21 15:57:57,387] INFO [Controller id=1 epoch=1] Sending UpdateMetadata request to brokers Set(1, 2) for 2 partitions (state.change.logger)
[2021-02-21 15:57:57,388] INFO [Controller id=1 epoch=1] Sending UpdateMetadata request to brokers Set() for 0 partitions (state.change.logger)
[2021-02-21 15:57:57,390] INFO [Broker id=1] Handling LeaderAndIsr request correlationId 4 from controller 1 for 2 partitions (state.change.logger)
[2021-02-21 15:57:57,398] INFO [Broker id=1] Stopped fetchers as part of LeaderAndIsr request correlationId 4 from controller 1 epoch 1 as part of the become-leader transition for 1 partitions (state.change.logger)
[2021-02-21 15:57:57,437] INFO [Broker id=1] Leader product_topic-0 starts at leader epoch 0 from offset 0 with high watermark 0 ISR [1,2] addingReplicas [] removingReplicas []. Previous leader epoch was -1. (state.change.logger)
[2021-02-21 15:57:57,457] INFO [Broker id=1] Follower product_topic-1 starts at leader epoch 0 from offset 0 with high watermark 0. Previous leader epoch was -1. (state.change.logger)
[2021-02-21 15:57:57,458] INFO [Broker id=1] Stopped fetchers as part of become-follower request from controller 1 epoch 1 with correlation id 4 for 1 partitions (state.change.logger)
[2021-02-21 15:57:57,461] INFO [Broker id=1] Finished LeaderAndIsr request in 71ms correlationId 4 from controller 1 for 2 partitions (state.change.logger)
[2021-02-21 15:57:57,464] INFO [Broker id=1] Add 2 partitions and deleted 0 partitions from metadata cache in response to UpdateMetadata request sent by controller 1 epoch 1 with correlation id 5 (state.change.logger)
[2021-02-21 15:58:16,123] INFO [Controller id=1 epoch=1] Sending UpdateMetadata request to brokers Set(1, 2) for 1 partitions (state.change.logger)
[2021-02-21 15:58:16,125] INFO [Broker id=1] Add 1 partitions and deleted 0 partitions from metadata cache in response to UpdateMetadata request sent by controller 1 epoch 1 with correlation id 6 (state.change.logger)
[2021-02-21 15:58:31,107] INFO [Controller id=1 epoch=1] Sending UpdateMetadata request to brokers Set(1, 2) for 1 partitions (state.change.logger)
[2021-02-21 15:58:31,109] INFO [Broker id=1] Add 1 partitions and deleted 0 partitions from metadata cache in response to UpdateMetadata request sent by controller 1 epoch 1 with correlation id 7 (state.change.logger)
[2021-02-21 15:58:51,429] INFO [Controller id=1 epoch=1] Changed partition producttopic-1 state from NonExistentPartition to NewPartition with assigned replicas 2,1 (state.change.logger)
[2021-02-21 15:58:51,429] INFO [Controller id=1 epoch=1] Changed partition producttopic-0 state from NonExistentPartition to NewPartition with assigned replicas 1,2 (state.change.logger)
[2021-02-21 15:58:51,429] INFO [Controller id=1 epoch=1] Sending UpdateMetadata request to brokers Set() for 0 partitions (state.change.logger)
[2021-02-21 15:58:51,431] INFO [Controller id=1 epoch=1] Sending UpdateMetadata request to brokers Set() for 0 partitions (state.change.logger)
[2021-02-21 15:58:51,448] INFO [Controller id=1 epoch=1] Changed partition producttopic-1 from NewPartition to OnlinePartition with state LeaderAndIsr(leader=2, leaderEpoch=0, isr=List(2, 1), zkVersion=0) (state.change.logger)
[2021-02-21 15:58:51,448] INFO [Controller id=1 epoch=1] Changed partition producttopic-0 from NewPartition to OnlinePartition with state LeaderAndIsr(leader=1, leaderEpoch=0, isr=List(1, 2), zkVersion=0) (state.change.logger)
[2021-02-21 15:58:51,448] INFO [Controller id=1 epoch=1] Sending LeaderAndIsr request to broker 2 with 1 become-leader and 1 become-follower partitions (state.change.logger)
[2021-02-21 15:58:51,449] INFO [Controller id=1 epoch=1] Sending LeaderAndIsr request to broker 1 with 1 become-leader and 1 become-follower partitions (state.change.logger)
[2021-02-21 15:58:51,449] INFO [Controller id=1 epoch=1] Sending UpdateMetadata request to brokers Set(1, 2) for 2 partitions (state.change.logger)
[2021-02-21 15:58:51,450] INFO [Controller id=1 epoch=1] Sending UpdateMetadata request to brokers Set() for 0 partitions (state.change.logger)
[2021-02-21 15:58:51,450] INFO [Broker id=1] Handling LeaderAndIsr request correlationId 8 from controller 1 for 2 partitions (state.change.logger)
[2021-02-21 15:58:51,454] INFO [Broker id=1] Stopped fetchers as part of LeaderAndIsr request correlationId 8 from controller 1 epoch 1 as part of the become-leader transition for 1 partitions (state.change.logger)
[2021-02-21 15:58:51,476] INFO [Broker id=1] Leader producttopic-0 starts at leader epoch 0 from offset 0 with high watermark 0 ISR [1,2] addingReplicas [] removingReplicas []. Previous leader epoch was -1. (state.change.logger)
[2021-02-21 15:58:51,502] INFO [Broker id=1] Follower producttopic-1 starts at leader epoch 0 from offset 0 with high watermark 0. Previous leader epoch was -1. (state.change.logger)
[2021-02-21 15:58:51,505] INFO [Broker id=1] Stopped fetchers as part of become-follower request from controller 1 epoch 1 with correlation id 8 for 1 partitions (state.change.logger)
[2021-02-21 15:58:51,507] INFO [Broker id=1] Finished LeaderAndIsr request in 57ms correlationId 8 from controller 1 for 2 partitions (state.change.logger)
[2021-02-21 15:58:51,509] INFO [Broker id=1] Add 2 partitions and deleted 0 partitions from metadata cache in response to UpdateMetadata request sent by controller 1 epoch 1 with correlation id 9 (state.change.logger)
[2021-02-21 15:59:31,114] INFO [Controller id=1 epoch=1] Sending UpdateMetadata request to brokers Set(1, 2) for 1 partitions (state.change.logger)
[2021-02-21 15:59:31,116] INFO [Broker id=1] Add 1 partitions and deleted 0 partitions from metadata cache in response to UpdateMetadata request sent by controller 1 epoch 1 with correlation id 10 (state.change.logger)
[2021-02-21 16:05:29,851] INFO [Controller id=1 epoch=1] Changed partition __consumer_offsets-22 state from NonExistentPartition to NewPartition with assigned replicas 1 (state.change.logger)
[2021-02-21 16:05:29,853] INFO [Controller id=1 epoch=1] Changed partition __consumer_offsets-30 state from NonExistentPartition to NewPartition with assigned replicas 1 (state.change.logger)
[2021-02-21 16:05:29,853] INFO [Controller id=1 epoch=1] Changed partition __consumer_offsets-8 state from NonExistentPartition to NewPartition with assigned replicas 1 (state.change.logger)
[2021-02-21 16:05:29,853] INFO [Controller id=1 epoch=1] Changed partition __consumer_offsets-21 state from NonExistentPartition to NewPartition with assigned replicas 2 (state.change.logger)
[2021-02-21 16:05:29,854] INFO [Controller id=1 epoch=1] Changed partition __consumer_offsets-4 state from NonExistentPartition to NewPartition with assigned replicas 1 (state.change.logger)
[2021-02-21 16:05:29,854] INFO [Controller id=1 epoch=1] Changed partition __consumer_offsets-27 state from NonExistentPartition to NewPartition with assigned replicas 2 (state.change.logger)
[2021-02-21 16:05:29,854] INFO [Controller id=1 epoch=1] Changed partition __consumer_offsets-7 state from NonExistentPartition to NewPartition with assigned replicas 2 (state.change.logger)
[2021-02-21 16:05:29,854] INFO [Controller id=1 epoch=1] Changed partition __consumer_offsets-9 state from NonExistentPartition to NewPartition with assigned replicas 2 (state.change.logger)
[2021-02-21 16:05:29,854] INFO [Controller id=1 epoch=1] Changed partition __consumer_offsets-46 state from NonExistentPartition to NewPartition with assigned replicas 1 (state.change.logger)
[2021-02-21 16:05:29,854] INFO [Controller id=1 epoch=1] Changed partition __consumer_offsets-25 state from NonExistentPartition to NewPartition with assigned replicas 2 (state.change.logger)
[2021-02-21 16:05:29,854] INFO [Controller id=1 epoch=1] Changed partition __consumer_offsets-35 state from NonExistentPartition to NewPartition with assigned replicas 2 (state.change.logger)
[2021-02-21 16:05:29,854] INFO [Controller id=1 epoch=1] Changed partition __consumer_offsets-41 state from NonExistentPartition to NewPartition with assigned replicas 2 (state.change.logger)
[2021-02-21 16:05:29,854] INFO [Controller id=1 epoch=1] Changed partition __consumer_offsets-33 state from NonExistentPartition to NewPartition with assigned replicas 2 (state.change.logger)
[2021-02-21 16:05:29,854] INFO [Controller id=1 epoch=1] Changed partition __consumer_offsets-23 state from NonExistentPartition to NewPartition with assigned replicas 2 (state.change.logger)
[2021-02-21 16:05:29,854] INFO [Controller id=1 epoch=1] Changed partition __consumer_offsets-49 state from NonExistentPartition to NewPartition with assigned replicas 2 (state.change.logger)
[2021-02-21 16:05:29,854] INFO [Controller id=1 epoch=1] Changed partition __consumer_offsets-47 state from NonExistentPartition to NewPartition with assigned replicas 2 (state.change.logger)
[2021-02-21 16:05:29,854] INFO [Controller id=1 epoch=1] Changed partition __consumer_offsets-16 state from NonExistentPartition to NewPartition with assigned replicas 1 (state.change.logger)
[2021-02-21 16:05:29,854] INFO [Controller id=1 epoch=1] Changed partition __consumer_offsets-28 state from NonExistentPartition to NewPartition with assigned replicas 1 (state.change.logger)
[2021-02-21 16:05:29,854] INFO [Controller id=1 epoch=1] Changed partition __consumer_offsets-31 state from NonExistentPartition to NewPartition with assigned replicas 2 (state.change.logger)
[2021-02-21 16:05:29,854] INFO [Controller id=1 epoch=1] Changed partition __consumer_offsets-36 state from NonExistentPartition to NewPartition with assigned replicas 1 (state.change.logger)
[2021-02-21 16:05:29,855] INFO [Controller id=1 epoch=1] Changed partition __consumer_offsets-42 state from NonExistentPartition to NewPartition with assigned replicas 1 (state.change.logger)
[2021-02-21 16:05:29,855] INFO [Controller id=1 epoch=1] Changed partition __consumer_offsets-3 state from NonExistentPartition to NewPartition with assigned replicas 2 (state.change.logger)
[2021-02-21 16:05:29,855] INFO [Controller id=1 epoch=1] Changed partition __consumer_offsets-18 state from NonExistentPartition to NewPartition with assigned replicas 1 (state.change.logger)
[2021-02-21 16:05:29,855] INFO [Controller id=1 epoch=1] Changed partition __consumer_offsets-37 state from NonExistentPartition to NewPartition with assigned replicas 2 (state.change.logger)
[2021-02-21 16:05:29,855] INFO [Controller id=1 epoch=1] Changed partition __consumer_offsets-15 state from NonExistentPartition to NewPartition with assigned replicas 2 (state.change.logger)
[2021-02-21 16:05:29,855] INFO [Controller id=1 epoch=1] Changed partition __consumer_offsets-24 state from NonExistentPartition to NewPartition with assigned replicas 1 (state.change.logger)
[2021-02-21 16:05:29,855] INFO [Controller id=1 epoch=1] Changed partition __consumer_offsets-38 state from NonExistentPartition to NewPartition with assigned replicas 1 (state.change.logger)
[2021-02-21 16:05:29,855] INFO [Controller id=1 epoch=1] Changed partition __consumer_offsets-17 state from NonExistentPartition to NewPartition with assigned replicas 2 (state.change.logger)
[2021-02-21 16:05:29,855] INFO [Controller id=1 epoch=1] Changed partition __consumer_offsets-48 state from NonExistentPartition to NewPartition with assigned replicas 1 (state.change.logger)
[2021-02-21 16:05:29,855] INFO [Controller id=1 epoch=1] Changed partition __consumer_offsets-19 state from NonExistentPartition to NewPartition with assigned replicas 2 (state.change.logger)
[2021-02-21 16:05:29,855] INFO [Controller id=1 epoch=1] Changed partition __consumer_offsets-11 state from NonExistentPartition to NewPartition with assigned replicas 2 (state.change.logger)
[2021-02-21 16:05:29,855] INFO [Controller id=1 epoch=1] Changed partition __consumer_offsets-13 state from NonExistentPartition to NewPartition with assigned replicas 2 (state.change.logger)
[2021-02-21 16:05:29,855] INFO [Controller id=1 epoch=1] Changed partition __consumer_offsets-2 state from NonExistentPartition to NewPartition with assigned replicas 1 (state.change.logger)
[2021-02-21 16:05:29,855] INFO [Controller id=1 epoch=1] Changed partition __consumer_offsets-43 state from NonExistentPartition to NewPartition with assigned replicas 2 (state.change.logger)
[2021-02-21 16:05:29,856] INFO [Controller id=1 epoch=1] Changed partition __consumer_offsets-6 state from NonExistentPartition to NewPartition with assigned replicas 1 (state.change.logger)
[2021-02-21 16:05:29,856] INFO [Controller id=1 epoch=1] Changed partition __consumer_offsets-14 state from NonExistentPartition to NewPartition with assigned replicas 1 (state.change.logger)
[2021-02-21 16:05:29,856] INFO [Controller id=1 epoch=1] Changed partition __consumer_offsets-20 state from NonExistentPartition to NewPartition with assigned replicas 1 (state.change.logger)
[2021-02-21 16:05:29,856] INFO [Controller id=1 epoch=1] Changed partition __consumer_offsets-0 state from NonExistentPartition to NewPartition with assigned replicas 1 (state.change.logger)
[2021-02-21 16:05:29,856] INFO [Controller id=1 epoch=1] Changed partition __consumer_offsets-44 state from NonExistentPartition to NewPartition with assigned replicas 1 (state.change.logger)
[2021-02-21 16:05:29,856] INFO [Controller id=1 epoch=1] Changed partition __consumer_offsets-39 state from NonExistentPartition to NewPartition with assigned replicas 2 (state.change.logger)
[2021-02-21 16:05:29,856] INFO [Controller id=1 epoch=1] Changed partition __consumer_offsets-12 state from NonExistentPartition to NewPartition with assigned replicas 1 (state.change.logger)
[2021-02-21 16:05:29,856] INFO [Controller id=1 epoch=1] Changed partition __consumer_offsets-45 state from NonExistentPartition to NewPartition with assigned replicas 2 (state.change.logger)
[2021-02-21 16:05:29,856] INFO [Controller id=1 epoch=1] Changed partition __consumer_offsets-1 state from NonExistentPartition to NewPartition with assigned replicas 2 (state.change.logger)
[2021-02-21 16:05:29,856] INFO [Controller id=1 epoch=1] Changed partition __consumer_offsets-5 state from NonExistentPartition to NewPartition with assigned replicas 2 (state.change.logger)
[2021-02-21 16:05:29,856] INFO [Controller id=1 epoch=1] Changed partition __consumer_offsets-26 state from NonExistentPartition to NewPartition with assigned replicas 1 (state.change.logger)
[2021-02-21 16:05:29,856] INFO [Controller id=1 epoch=1] Changed partition __consumer_offsets-29 state from NonExistentPartition to NewPartition with assigned replicas 2 (state.change.logger)
[2021-02-21 16:05:29,856] INFO [Controller id=1 epoch=1] Changed partition __consumer_offsets-34 state from NonExistentPartition to NewPartition with assigned replicas 1 (state.change.logger)
[2021-02-21 16:05:29,856] INFO [Controller id=1 epoch=1] Changed partition __consumer_offsets-10 state from NonExistentPartition to NewPartition with assigned replicas 1 (state.change.logger)
[2021-02-21 16:05:29,856] INFO [Controller id=1 epoch=1] Changed partition __consumer_offsets-32 state from NonExistentPartition to NewPartition with assigned replicas 1 (state.change.logger)
[2021-02-21 16:05:29,856] INFO [Controller id=1 epoch=1] Changed partition __consumer_offsets-40 state from NonExistentPartition to NewPartition with assigned replicas 1 (state.change.logger)
[2021-02-21 16:05:29,857] INFO [Controller id=1 epoch=1] Sending UpdateMetadata request to brokers Set() for 0 partitions (state.change.logger)
[2021-02-21 16:05:29,859] INFO [Controller id=1 epoch=1] Sending UpdateMetadata request to brokers Set() for 0 partitions (state.change.logger)
[2021-02-21 16:05:30,058] INFO [Controller id=1 epoch=1] Changed partition __consumer_offsets-22 from NewPartition to OnlinePartition with state LeaderAndIsr(leader=1, leaderEpoch=0, isr=List(1), zkVersion=0) (state.change.logger)
[2021-02-21 16:05:30,058] INFO [Controller id=1 epoch=1] Changed partition __consumer_offsets-30 from NewPartition to OnlinePartition with state LeaderAndIsr(leader=1, leaderEpoch=0, isr=List(1), zkVersion=0) (state.change.logger)
[2021-02-21 16:05:30,058] INFO [Controller id=1 epoch=1] Changed partition __consumer_offsets-8 from NewPartition to OnlinePartition with state LeaderAndIsr(leader=1, leaderEpoch=0, isr=List(1), zkVersion=0) (state.change.logger)
[2021-02-21 16:05:30,058] INFO [Controller id=1 epoch=1] Changed partition __consumer_offsets-21 from NewPartition to OnlinePartition with state LeaderAndIsr(leader=2, leaderEpoch=0, isr=List(2), zkVersion=0) (state.change.logger)
[2021-02-21 16:05:30,058] INFO [Controller id=1 epoch=1] Changed partition __consumer_offsets-4 from NewPartition to OnlinePartition with state LeaderAndIsr(leader=1, leaderEpoch=0, isr=List(1), zkVersion=0) (state.change.logger)
[2021-02-21 16:05:30,058] INFO [Controller id=1 epoch=1] Changed partition __consumer_offsets-27 from NewPartition to OnlinePartition with state LeaderAndIsr(leader=2, leaderEpoch=0, isr=List(2), zkVersion=0) (state.change.logger)
[2021-02-21 16:05:30,058] INFO [Controller id=1 epoch=1] Changed partition __consumer_offsets-7 from NewPartition to OnlinePartition with state LeaderAndIsr(leader=2, leaderEpoch=0, isr=List(2), zkVersion=0) (state.change.logger)
[2021-02-21 16:05:30,058] INFO [Controller id=1 epoch=1] Changed partition __consumer_offsets-9 from NewPartition to OnlinePartition with state LeaderAndIsr(leader=2, leaderEpoch=0, isr=List(2), zkVersion=0) (state.change.logger)
[2021-02-21 16:05:30,058] INFO [Controller id=1 epoch=1] Changed partition __consumer_offsets-46 from NewPartition to OnlinePartition with state LeaderAndIsr(leader=1, leaderEpoch=0, isr=List(1), zkVersion=0) (state.change.logger)
[2021-02-21 16:05:30,058] INFO [Controller id=1 epoch=1] Changed partition __consumer_offsets-25 from NewPartition to OnlinePartition with state LeaderAndIsr(leader=2, leaderEpoch=0, isr=List(2), zkVersion=0) (state.change.logger)
[2021-02-21 16:05:30,058] INFO [Controller id=1 epoch=1] Changed partition __consumer_offsets-35 from NewPartition to OnlinePartition with state LeaderAndIsr(leader=2, leaderEpoch=0, isr=List(2), zkVersion=0) (state.change.logger)
[2021-02-21 16:05:30,058] INFO [Controller id=1 epoch=1] Changed partition __consumer_offsets-41 from NewPartition to OnlinePartition with state LeaderAndIsr(leader=2, leaderEpoch=0, isr=List(2), zkVersion=0) (state.change.logger)
[2021-02-21 16:05:30,058] INFO [Controller id=1 epoch=1] Changed partition __consumer_offsets-33 from NewPartition to OnlinePartition with state LeaderAndIsr(leader=2, leaderEpoch=0, isr=List(2), zkVersion=0) (state.change.logger)
[2021-02-21 16:05:30,059] INFO [Controller id=1 epoch=1] Changed partition __consumer_offsets-23 from NewPartition to OnlinePartition with state LeaderAndIsr(leader=2, leaderEpoch=0, isr=List(2), zkVersion=0) (state.change.logger)
[2021-02-21 16:05:30,059] INFO [Controller id=1 epoch=1] Changed partition __consumer_offsets-49 from NewPartition to OnlinePartition with state LeaderAndIsr(leader=2, leaderEpoch=0, isr=List(2), zkVersion=0) (state.change.logger)
[2021-02-21 16:05:30,059] INFO [Controller id=1 epoch=1] Changed partition __consumer_offsets-47 from NewPartition to OnlinePartition with state LeaderAndIsr(leader=2, leaderEpoch=0, isr=List(2), zkVersion=0) (state.change.logger)
[2021-02-21 16:05:30,059] INFO [Controller id=1 epoch=1] Changed partition __consumer_offsets-16 from NewPartition to OnlinePartition with state LeaderAndIsr(leader=1, leaderEpoch=0, isr=List(1), zkVersion=0) (state.change.logger)
[2021-02-21 16:05:30,059] INFO [Controller id=1 epoch=1] Changed partition __consumer_offsets-28 from NewPartition to OnlinePartition with state LeaderAndIsr(leader=1, leaderEpoch=0, isr=List(1), zkVersion=0) (state.change.logger)
[2021-02-21 16:05:30,059] INFO [Controller id=1 epoch=1] Changed partition __consumer_offsets-31 from NewPartition to OnlinePartition with state LeaderAndIsr(leader=2, leaderEpoch=0, isr=List(2), zkVersion=0) (state.change.logger)
[2021-02-21 16:05:30,059] INFO [Controller id=1 epoch=1] Changed partition __consumer_offsets-36 from NewPartition to OnlinePartition with state LeaderAndIsr(leader=1, leaderEpoch=0, isr=List(1), zkVersion=0) (state.change.logger)
[2021-02-21 16:05:30,059] INFO [Controller id=1 epoch=1] Changed partition __consumer_offsets-42 from NewPartition to OnlinePartition with state LeaderAndIsr(leader=1, leaderEpoch=0, isr=List(1), zkVersion=0) (state.change.logger)
[2021-02-21 16:05:30,059] INFO [Controller id=1 epoch=1] Changed partition __consumer_offsets-3 from NewPartition to OnlinePartition with state LeaderAndIsr(leader=2, leaderEpoch=0, isr=List(2), zkVersion=0) (state.change.logger)
[2021-02-21 16:05:30,059] INFO [Controller id=1 epoch=1] Changed partition __consumer_offsets-18 from NewPartition to OnlinePartition with state LeaderAndIsr(leader=1, leaderEpoch=0, isr=List(1), zkVersion=0) (state.change.logger)
[2021-02-21 16:05:30,059] INFO [Controller id=1 epoch=1] Changed partition __consumer_offsets-37 from NewPartition to OnlinePartition with state LeaderAndIsr(leader=2, leaderEpoch=0, isr=List(2), zkVersion=0) (state.change.logger)
[2021-02-21 16:05:30,059] INFO [Controller id=1 epoch=1] Changed partition __consumer_offsets-15 from NewPartition to OnlinePartition with state LeaderAndIsr(leader=2, leaderEpoch=0, isr=List(2), zkVersion=0) (state.change.logger)
[2021-02-21 16:05:30,059] INFO [Controller id=1 epoch=1] Changed partition __consumer_offsets-24 from NewPartition to OnlinePartition with state LeaderAndIsr(leader=1, leaderEpoch=0, isr=List(1), zkVersion=0) (state.change.logger)
[2021-02-21 16:05:30,059] INFO [Controller id=1 epoch=1] Changed partition __consumer_offsets-38 from NewPartition to OnlinePartition with state LeaderAndIsr(leader=1, leaderEpoch=0, isr=List(1), zkVersion=0) (state.change.logger)
[2021-02-21 16:05:30,060] INFO [Controller id=1 epoch=1] Changed partition __consumer_offsets-17 from NewPartition to OnlinePartition with state LeaderAndIsr(leader=2, leaderEpoch=0, isr=List(2), zkVersion=0) (state.change.logger)
[2021-02-21 16:05:30,060] INFO [Controller id=1 epoch=1] Changed partition __consumer_offsets-48 from NewPartition to OnlinePartition with state LeaderAndIsr(leader=1, leaderEpoch=0, isr=List(1), zkVersion=0) (state.change.logger)
[2021-02-21 16:05:30,060] INFO [Controller id=1 epoch=1] Changed partition __consumer_offsets-19 from NewPartition to OnlinePartition with state LeaderAndIsr(leader=2, leaderEpoch=0, isr=List(2), zkVersion=0) (state.change.logger)
[2021-02-21 16:05:30,060] INFO [Controller id=1 epoch=1] Changed partition __consumer_offsets-11 from NewPartition to OnlinePartition with state LeaderAndIsr(leader=2, leaderEpoch=0, isr=List(2), zkVersion=0) (state.change.logger)
[2021-02-21 16:05:30,060] INFO [Controller id=1 epoch=1] Changed partition __consumer_offsets-13 from NewPartition to OnlinePartition with state LeaderAndIsr(leader=2, leaderEpoch=0, isr=List(2), zkVersion=0) (state.change.logger)
[2021-02-21 16:05:30,060] INFO [Controller id=1 epoch=1] Changed partition __consumer_offsets-2 from NewPartition to OnlinePartition with state LeaderAndIsr(leader=1, leaderEpoch=0, isr=List(1), zkVersion=0) (state.change.logger)
[2021-02-21 16:05:30,060] INFO [Controller id=1 epoch=1] Changed partition __consumer_offsets-43 from NewPartition to OnlinePartition with state LeaderAndIsr(leader=2, leaderEpoch=0, isr=List(2), zkVersion=0) (state.change.logger)
[2021-02-21 16:05:30,060] INFO [Controller id=1 epoch=1] Changed partition __consumer_offsets-6 from NewPartition to OnlinePartition with state LeaderAndIsr(leader=1, leaderEpoch=0, isr=List(1), zkVersion=0) (state.change.logger)
[2021-02-21 16:05:30,060] INFO [Controller id=1 epoch=1] Changed partition __consumer_offsets-14 from NewPartition to OnlinePartition with state LeaderAndIsr(leader=1, leaderEpoch=0, isr=List(1), zkVersion=0) (state.change.logger)
[2021-02-21 16:05:30,061] INFO [Controller id=1 epoch=1] Changed partition __consumer_offsets-20 from NewPartition to OnlinePartition with state LeaderAndIsr(leader=1, leaderEpoch=0, isr=List(1), zkVersion=0) (state.change.logger)
[2021-02-21 16:05:30,061] INFO [Controller id=1 epoch=1] Changed partition __consumer_offsets-0 from NewPartition to OnlinePartition with state LeaderAndIsr(leader=1, leaderEpoch=0, isr=List(1), zkVersion=0) (state.change.logger)
[2021-02-21 16:05:30,061] INFO [Controller id=1 epoch=1] Changed partition __consumer_offsets-44 from NewPartition to OnlinePartition with state LeaderAndIsr(leader=1, leaderEpoch=0, isr=List(1), zkVersion=0) (state.change.logger)
[2021-02-21 16:05:30,061] INFO [Controller id=1 epoch=1] Changed partition __consumer_offsets-39 from NewPartition to OnlinePartition with state LeaderAndIsr(leader=2, leaderEpoch=0, isr=List(2), zkVersion=0) (state.change.logger)
[2021-02-21 16:05:30,061] INFO [Controller id=1 epoch=1] Changed partition __consumer_offsets-12 from NewPartition to OnlinePartition with state LeaderAndIsr(leader=1, leaderEpoch=0, isr=List(1), zkVersion=0) (state.change.logger)
[2021-02-21 16:05:30,061] INFO [Controller id=1 epoch=1] Changed partition __consumer_offsets-45 from NewPartition to OnlinePartition with state LeaderAndIsr(leader=2, leaderEpoch=0, isr=List(2), zkVersion=0) (state.change.logger)
[2021-02-21 16:05:30,061] INFO [Controller id=1 epoch=1] Changed partition __consumer_offsets-1 from NewPartition to OnlinePartition with state LeaderAndIsr(leader=2, leaderEpoch=0, isr=List(2), zkVersion=0) (state.change.logger)
[2021-02-21 16:05:30,061] INFO [Controller id=1 epoch=1] Changed partition __consumer_offsets-5 from NewPartition to OnlinePartition with state LeaderAndIsr(leader=2, leaderEpoch=0, isr=List(2), zkVersion=0) (state.change.logger)
[2021-02-21 16:05:30,061] INFO [Controller id=1 epoch=1] Changed partition __consumer_offsets-26 from NewPartition to OnlinePartition with state LeaderAndIsr(leader=1, leaderEpoch=0, isr=List(1), zkVersion=0) (state.change.logger)
[2021-02-21 16:05:30,061] INFO [Controller id=1 epoch=1] Changed partition __consumer_offsets-29 from NewPartition to OnlinePartition with state LeaderAndIsr(leader=2, leaderEpoch=0, isr=List(2), zkVersion=0) (state.change.logger)
[2021-02-21 16:05:30,061] INFO [Controller id=1 epoch=1] Changed partition __consumer_offsets-34 from NewPartition to OnlinePartition with state LeaderAndIsr(leader=1, leaderEpoch=0, isr=List(1), zkVersion=0) (state.change.logger)
[2021-02-21 16:05:30,061] INFO [Controller id=1 epoch=1] Changed partition __consumer_offsets-10 from NewPartition to OnlinePartition with state LeaderAndIsr(leader=1, leaderEpoch=0, isr=List(1), zkVersion=0) (state.change.logger)
[2021-02-21 16:05:30,061] INFO [Controller id=1 epoch=1] Changed partition __consumer_offsets-32 from NewPartition to OnlinePartition with state LeaderAndIsr(leader=1, leaderEpoch=0, isr=List(1), zkVersion=0) (state.change.logger)
[2021-02-21 16:05:30,061] INFO [Controller id=1 epoch=1] Changed partition __consumer_offsets-40 from NewPartition to OnlinePartition with state LeaderAndIsr(leader=1, leaderEpoch=0, isr=List(1), zkVersion=0) (state.change.logger)
[2021-02-21 16:05:30,062] INFO [Controller id=1 epoch=1] Sending LeaderAndIsr request to broker 2 with 25 become-leader and 0 become-follower partitions (state.change.logger)
[2021-02-21 16:05:30,063] INFO [Controller id=1 epoch=1] Sending LeaderAndIsr request to broker 1 with 25 become-leader and 0 become-follower partitions (state.change.logger)
[2021-02-21 16:05:30,063] INFO [Controller id=1 epoch=1] Sending UpdateMetadata request to brokers Set(1, 2) for 50 partitions (state.change.logger)
[2021-02-21 16:05:30,066] INFO [Broker id=1] Handling LeaderAndIsr request correlationId 11 from controller 1 for 25 partitions (state.change.logger)
[2021-02-21 16:05:30,072] INFO [Controller id=1 epoch=1] Sending UpdateMetadata request to brokers Set() for 0 partitions (state.change.logger)
[2021-02-21 16:05:30,129] INFO [Broker id=1] Stopped fetchers as part of LeaderAndIsr request correlationId 11 from controller 1 epoch 1 as part of the become-leader transition for 25 partitions (state.change.logger)
[2021-02-21 16:05:30,240] INFO [Broker id=1] Leader __consumer_offsets-0 starts at leader epoch 0 from offset 0 with high watermark 0 ISR [1] addingReplicas [] removingReplicas []. Previous leader epoch was -1. (state.change.logger)
[2021-02-21 16:05:30,310] INFO [Broker id=1] Leader __consumer_offsets-48 starts at leader epoch 0 from offset 0 with high watermark 0 ISR [1] addingReplicas [] removingReplicas []. Previous leader epoch was -1. (state.change.logger)
[2021-02-21 16:05:30,340] INFO [Broker id=1] Leader __consumer_offsets-10 starts at leader epoch 0 from offset 0 with high watermark 0 ISR [1] addingReplicas [] removingReplicas []. Previous leader epoch was -1. (state.change.logger)
[2021-02-21 16:05:30,372] INFO [Broker id=1] Leader __consumer_offsets-26 starts at leader epoch 0 from offset 0 with high watermark 0 ISR [1] addingReplicas [] removingReplicas []. Previous leader epoch was -1. (state.change.logger)
[2021-02-21 16:05:30,427] INFO [Broker id=1] Leader __consumer_offsets-42 starts at leader epoch 0 from offset 0 with high watermark 0 ISR [1] addingReplicas [] removingReplicas []. Previous leader epoch was -1. (state.change.logger)
[2021-02-21 16:05:30,468] INFO [Broker id=1] Leader __consumer_offsets-4 starts at leader epoch 0 from offset 0 with high watermark 0 ISR [1] addingReplicas [] removingReplicas []. Previous leader epoch was -1. (state.change.logger)
[2021-02-21 16:05:30,490] INFO [Broker id=1] Leader __consumer_offsets-20 starts at leader epoch 0 from offset 0 with high watermark 0 ISR [1] addingReplicas [] removingReplicas []. Previous leader epoch was -1. (state.change.logger)
[2021-02-21 16:05:30,524] INFO [Broker id=1] Leader __consumer_offsets-36 starts at leader epoch 0 from offset 0 with high watermark 0 ISR [1] addingReplicas [] removingReplicas []. Previous leader epoch was -1. (state.change.logger)
[2021-02-21 16:05:30,543] INFO [Broker id=1] Leader __consumer_offsets-14 starts at leader epoch 0 from offset 0 with high watermark 0 ISR [1] addingReplicas [] removingReplicas []. Previous leader epoch was -1. (state.change.logger)
[2021-02-21 16:05:30,567] INFO [Broker id=1] Leader __consumer_offsets-30 starts at leader epoch 0 from offset 0 with high watermark 0 ISR [1] addingReplicas [] removingReplicas []. Previous leader epoch was -1. (state.change.logger)
[2021-02-21 16:05:30,624] INFO [Broker id=1] Leader __consumer_offsets-46 starts at leader epoch 0 from offset 0 with high watermark 0 ISR [1] addingReplicas [] removingReplicas []. Previous leader epoch was -1. (state.change.logger)
[2021-02-21 16:05:30,641] INFO [Broker id=1] Leader __consumer_offsets-8 starts at leader epoch 0 from offset 0 with high watermark 0 ISR [1] addingReplicas [] removingReplicas []. Previous leader epoch was -1. (state.change.logger)
[2021-02-21 16:05:30,659] INFO [Broker id=1] Leader __consumer_offsets-24 starts at leader epoch 0 from offset 0 with high watermark 0 ISR [1] addingReplicas [] removingReplicas []. Previous leader epoch was -1. (state.change.logger)
[2021-02-21 16:05:30,676] INFO [Broker id=1] Leader __consumer_offsets-40 starts at leader epoch 0 from offset 0 with high watermark 0 ISR [1] addingReplicas [] removingReplicas []. Previous leader epoch was -1. (state.change.logger)
[2021-02-21 16:05:30,698] INFO [Broker id=1] Leader __consumer_offsets-2 starts at leader epoch 0 from offset 0 with high watermark 0 ISR [1] addingReplicas [] removingReplicas []. Previous leader epoch was -1. (state.change.logger)
[2021-02-21 16:05:30,718] INFO [Broker id=1] Leader __consumer_offsets-18 starts at leader epoch 0 from offset 0 with high watermark 0 ISR [1] addingReplicas [] removingReplicas []. Previous leader epoch was -1. (state.change.logger)
[2021-02-21 16:05:30,741] INFO [Broker id=1] Leader __consumer_offsets-34 starts at leader epoch 0 from offset 0 with high watermark 0 ISR [1] addingReplicas [] removingReplicas []. Previous leader epoch was -1. (state.change.logger)
[2021-02-21 16:05:30,760] INFO [Broker id=1] Leader __consumer_offsets-12 starts at leader epoch 0 from offset 0 with high watermark 0 ISR [1] addingReplicas [] removingReplicas []. Previous leader epoch was -1. (state.change.logger)
[2021-02-21 16:05:30,781] INFO [Broker id=1] Leader __consumer_offsets-28 starts at leader epoch 0 from offset 0 with high watermark 0 ISR [1] addingReplicas [] removingReplicas []. Previous leader epoch was -1. (state.change.logger)
[2021-02-21 16:05:30,805] INFO [Broker id=1] Leader __consumer_offsets-38 starts at leader epoch 0 from offset 0 with high watermark 0 ISR [1] addingReplicas [] removingReplicas []. Previous leader epoch was -1. (state.change.logger)
[2021-02-21 16:05:30,824] INFO [Broker id=1] Leader __consumer_offsets-6 starts at leader epoch 0 from offset 0 with high watermark 0 ISR [1] addingReplicas [] removingReplicas []. Previous leader epoch was -1. (state.change.logger)
[2021-02-21 16:05:30,848] INFO [Broker id=1] Leader __consumer_offsets-44 starts at leader epoch 0 from offset 0 with high watermark 0 ISR [1] addingReplicas [] removingReplicas []. Previous leader epoch was -1. (state.change.logger)
[2021-02-21 16:05:30,867] INFO [Broker id=1] Leader __consumer_offsets-16 starts at leader epoch 0 from offset 0 with high watermark 0 ISR [1] addingReplicas [] removingReplicas []. Previous leader epoch was -1. (state.change.logger)
[2021-02-21 16:05:30,885] INFO [Broker id=1] Leader __consumer_offsets-22 starts at leader epoch 0 from offset 0 with high watermark 0 ISR [1] addingReplicas [] removingReplicas []. Previous leader epoch was -1. (state.change.logger)
[2021-02-21 16:05:30,904] INFO [Broker id=1] Leader __consumer_offsets-32 starts at leader epoch 0 from offset 0 with high watermark 0 ISR [1] addingReplicas [] removingReplicas []. Previous leader epoch was -1. (state.change.logger)
[2021-02-21 16:05:30,924] INFO [Broker id=1] Finished LeaderAndIsr request in 858ms correlationId 11 from controller 1 for 25 partitions (state.change.logger)
[2021-02-21 16:05:30,929] INFO [Broker id=1] Add 50 partitions and deleted 0 partitions from metadata cache in response to UpdateMetadata request sent by controller 1 epoch 1 with correlation id 12 (state.change.logger)
[2021-02-21 16:13:11,548] INFO [Controller id=1 epoch=1] Changed partition customertopic-1 state from NonExistentPartition to NewPartition with assigned replicas 2,1 (state.change.logger)
[2021-02-21 16:13:11,548] INFO [Controller id=1 epoch=1] Changed partition customertopic-0 state from NonExistentPartition to NewPartition with assigned replicas 1,2 (state.change.logger)
[2021-02-21 16:13:11,548] INFO [Controller id=1 epoch=1] Sending UpdateMetadata request to brokers Set() for 0 partitions (state.change.logger)
[2021-02-21 16:13:11,549] INFO [Controller id=1 epoch=1] Sending UpdateMetadata request to brokers Set() for 0 partitions (state.change.logger)
[2021-02-21 16:13:11,565] INFO [Controller id=1 epoch=1] Changed partition customertopic-1 from NewPartition to OnlinePartition with state LeaderAndIsr(leader=2, leaderEpoch=0, isr=List(2, 1), zkVersion=0) (state.change.logger)
[2021-02-21 16:13:11,565] INFO [Controller id=1 epoch=1] Changed partition customertopic-0 from NewPartition to OnlinePartition with state LeaderAndIsr(leader=1, leaderEpoch=0, isr=List(1, 2), zkVersion=0) (state.change.logger)
[2021-02-21 16:13:11,565] INFO [Controller id=1 epoch=1] Sending LeaderAndIsr request to broker 2 with 1 become-leader and 1 become-follower partitions (state.change.logger)
[2021-02-21 16:13:11,565] INFO [Controller id=1 epoch=1] Sending LeaderAndIsr request to broker 1 with 1 become-leader and 1 become-follower partitions (state.change.logger)
[2021-02-21 16:13:11,565] INFO [Controller id=1 epoch=1] Sending UpdateMetadata request to brokers Set(1, 2) for 2 partitions (state.change.logger)
[2021-02-21 16:13:11,566] INFO [Controller id=1 epoch=1] Sending UpdateMetadata request to brokers Set() for 0 partitions (state.change.logger)
[2021-02-21 16:13:11,567] INFO [Broker id=1] Handling LeaderAndIsr request correlationId 13 from controller 1 for 2 partitions (state.change.logger)
[2021-02-21 16:13:11,572] INFO [Broker id=1] Stopped fetchers as part of LeaderAndIsr request correlationId 13 from controller 1 epoch 1 as part of the become-leader transition for 1 partitions (state.change.logger)
[2021-02-21 16:13:11,599] INFO [Broker id=1] Leader customertopic-0 starts at leader epoch 0 from offset 0 with high watermark 0 ISR [1,2] addingReplicas [] removingReplicas []. Previous leader epoch was -1. (state.change.logger)
[2021-02-21 16:13:11,619] INFO [Broker id=1] Follower customertopic-1 starts at leader epoch 0 from offset 0 with high watermark 0. Previous leader epoch was -1. (state.change.logger)
[2021-02-21 16:13:11,619] INFO [Broker id=1] Stopped fetchers as part of become-follower request from controller 1 epoch 1 with correlation id 13 for 1 partitions (state.change.logger)
[2021-02-21 16:13:11,621] INFO [Broker id=1] Finished LeaderAndIsr request in 54ms correlationId 13 from controller 1 for 2 partitions (state.change.logger)
[2021-02-21 16:13:11,623] INFO [Broker id=1] Add 2 partitions and deleted 0 partitions from metadata cache in response to UpdateMetadata request sent by controller 1 epoch 1 with correlation id 14 (state.change.logger)
[2021-02-21 16:13:46,118] INFO [Controller id=1 epoch=1] Sending UpdateMetadata request to brokers Set(1, 2) for 1 partitions (state.change.logger)
[2021-02-21 16:13:46,120] INFO [Broker id=1] Add 1 partitions and deleted 0 partitions from metadata cache in response to UpdateMetadata request sent by controller 1 epoch 1 with correlation id 15 (state.change.logger)
